<?xml version="1.0" encoding="UTF-8"?>
<testng-results ignored="0" total="1" passed="1" failed="0" skipped="0">
  <reporter-output>
  </reporter-output>
  <suite started-at="2022-08-04T15:23:57 IST" name="Default suite" finished-at="2022-08-04T15:24:00 IST" duration-ms="3181">
    <groups>
    </groups>
    <test started-at="2022-08-04T15:23:57 IST" name="Default test" finished-at="2022-08-04T15:24:00 IST" duration-ms="3181">
      <class name="GET_TC001.NewTest">
        <test-method signature="f()[pri:0, instance:GET_TC001.NewTest@169e6180]" started-at="2022-08-04T15:23:57 IST" name="f" finished-at="2022-08-04T15:24:00 IST" duration-ms="3142" status="PASS">
          <reporter-output>
          </reporter-output>
        </test-method> <!-- f -->
      </class> <!-- GET_TC001.NewTest -->
    </test> <!-- Default test -->
  </suite> <!-- Default suite -->
</testng-results>
